<component name="libraryTable">
  <library name="junit-4.8.2">
    <CLASSES>
      <root url="jar://$USER_HOME$/.gradle/caches/artifacts-26/filestore/junit/junit/4.8.2/jar/c94f54227b08100974c36170dcb53329435fe5ad/junit-4.8.2.jar!/" />
    </CLASSES>
    <JAVADOC />
    <SOURCES>
      <root url="jar://$USER_HOME$/.gradle/caches/artifacts-26/filestore/junit/junit/4.8.2/source/cccca612a66b8387c399be31d69daf000de2ac9e/junit-4.8.2-sources.jar!/" />
    </SOURCES>
  </library>
</component>